<?xml version="1.0" encoding="UTF-8"?>
<!-- Generated by org.testng.reporters.JUnitReportReporter -->
<testsuite hostname="DESKTOP-A6ELU01" failures="0" tests="3" name="example.NewTest" time="27.030" errors="0" timestamp="2022-06-06T16:28:29 ART" skipped="0">
  <testcase classname="example.NewTest" name="testEasy" time="1.700"/>
  <system-out/>
  <testcase classname="example.NewTest" name="WindowsLogon_01" time="19.150"/>
  <system-out/>
  <testcase classname="example.NewTest" name="WindowsLogon_02" time="6.180"/>
  <system-out/>
</testsuite> <!-- example.NewTest -->
