<?xml version="1.0" encoding="UTF-8"?>
<!-- Generated by org.testng.reporters.JUnitReportReporter -->
<testsuite hostname="DESKTOP-A6ELU01" failures="0" tests="2" name="example.NewTest" time="21.664" errors="0" timestamp="6 Jun 2022 15:28:03 GMT">
  <testcase classname="example.NewTest" name="WindowsLogon_01" time="18.971"/>
  <testcase classname="example.NewTest" name="testEasy" time="2.693"/>
</testsuite> <!-- example.NewTest -->
