<?xml version="1.0" encoding="UTF-8"?>
<!-- Generated by org.testng.reporters.JUnitReportReporter -->
<testsuite hostname="DESKTOP-A6ELU01" failures="0" tests="2" name="example.NewTest" time="28.287" errors="0" timestamp="2022-06-06T13:06:18 ART" skipped="0">
  <testcase classname="example.NewTest" name="WindowsLogon_01" time="20.107"/>
  <system-out/>
  <testcase classname="example.NewTest" name="testEasy" time="8.180"/>
  <system-out/>
</testsuite> <!-- example.NewTest -->
