<?xml version="1.0" encoding="UTF-8"?>
<!-- Generated by org.testng.reporters.JUnitReportReporter -->
<testsuite hostname="DESKTOP-A6ELU01" failures="0" tests="3" name="example.NewTest" time="28.786" errors="0" timestamp="2022-06-06T13:31:45 ART" skipped="0">
  <testcase classname="example.NewTest" name="WindowsLogon_01" time="20.498"/>
  <system-out/>
  <testcase classname="example.NewTest" name="WindowsLogon_02" time="6.663"/>
  <system-out/>
  <testcase classname="example.NewTest" name="testEasy" time="1.625"/>
  <system-out/>
</testsuite> <!-- example.NewTest -->
