<?xml version="1.0" encoding="UTF-8"?>
<!-- Generated by org.testng.reporters.JUnitReportReporter -->
<testsuite hostname="DESKTOP-A6ELU01" failures="0" tests="1" name="example.NewTest" time="0.533" errors="0" timestamp="3 Jun 2022 20:21:07 GMT">
  <testcase classname="example.NewTest" name="testEasy" time="0.533"/>
</testsuite> <!-- example.NewTest -->
