<?xml version="1.0" encoding="UTF-8"?>
<!-- Generated by org.testng.reporters.JUnitReportReporter -->
<testsuite hostname="DESKTOP-A6ELU01" failures="0" tests="1" name="example.NewTest" time="1.120" errors="0" timestamp="3 Jun 2022 17:47:31 GMT">
  <testcase classname="example.NewTest" name="testEasy" time="1.120"/>
</testsuite> <!-- example.NewTest -->
