<?xml version="1.0" encoding="UTF-8"?>
<!-- Generated by org.testng.reporters.JUnitReportReporter -->
<testsuite hostname="DESKTOP-A6ELU01" failures="0" tests="2" name="example.NewTest" time="5.431" errors="0" timestamp="6 Jun 2022 15:31:21 GMT">
  <testcase classname="example.NewTest" name="WindowsLogon_01" time="3.021"/>
  <testcase classname="example.NewTest" name="testEasy" time="2.410"/>
</testsuite> <!-- example.NewTest -->
