<?xml version="1.0" encoding="UTF-8"?>
<!-- Generated by org.testng.reporters.JUnitReportReporter -->
<testsuite hostname="DESKTOP-A6ELU01" failures="0" tests="1" name="example.NewTest" time="20.558" errors="0" timestamp="6 Jun 2022 14:32:22 GMT">
  <testcase classname="example.NewTest" name="WindowsLogon_01" time="20.558"/>
</testsuite> <!-- example.NewTest -->
