<?xml version="1.0" encoding="UTF-8"?>
<!-- Generated by org.testng.reporters.JUnitReportReporter -->
<testsuite hostname="DESKTOP-A6ELU01" failures="0" tests="1" name="example.NewTest" time="21.286" errors="0" timestamp="2022-06-06T11:43:22 ART" skipped="0">
  <testcase classname="example.NewTest" name="WindowsLogon_01" time="21.286"/>
  <system-out/>
</testsuite> <!-- example.NewTest -->
