<?xml version="1.0" encoding="UTF-8"?>
<!-- Generated by org.testng.reporters.JUnitReportReporter -->
<testsuite hostname="DESKTOP-A6ELU01" failures="0" tests="2" name="example.NewTest" time="6.354" errors="0" timestamp="2022-06-06T12:58:09 ART" skipped="0">
  <testcase classname="example.NewTest" name="WindowsLogon_01" time="3.281"/>
  <system-out/>
  <testcase classname="example.NewTest" name="testEasy" time="3.073"/>
  <system-out/>
</testsuite> <!-- example.NewTest -->
